This is an error!This is an Error to log19-01-2023	11:52:07-----This is an Error to log19-01-2023	11:52:41-----This is an Error to log
19-01-2023	11:53:01-----This is an Error to log
19-01-2023	11:53:04-----This is an Error to log
19-01-2023	11:56:10-----GET /api/v1/users 500 This is an Error to log
19-01-2023	11:56:29 ----- GET /api/v1/users 500 This is an Error to log
19-01-2023	11:58:51 ----- GET /api/v1/users 500 This is an Error to log *** ID-Error: function v4(options, buf, offset) {
  if (_native.default.randomUUID && !buf && !options) {
    return _native.default.randomUUID();
  }

  options = options || {};

  const rnds = options.random || (options.rng || _rng.default)(); // Per 4.4, set bits for version and `clock_seq_hi_and_reserved`


  rnds[6] = rnds[6] & 0x0f | 0x40;
  rnds[8] = rnds[8] & 0x3f | 0x80; // Copy bytes to buffer, if provided

  if (buf) {
    offset = offset || 0;

    for (let i = 0; i < 16; ++i) {
      buf[offset + i] = rnds[i];
    }

    return buf;
  }

  return (0, _stringify.unsafeStringify)(rnds);
}
19-01-2023	11:59:21 ----- GET /api/v1/users 500 This is an Error to log *** ID-Error: fd3e3025-bd94-4459-89e5-045b1831277b
19-01-2023	11:59:45 ----- GET /api/v1/users 500 This is an Error to log *** ID-Error: 268da0a0-a713-4199-a6fe-b4a001c83cb0
